{"C:\\Users\\GERMAN ANDRES\\source\\repos\\GVRgh\\Casos-de-prueba\\src\\components\\Error.jsx": {"path":"C:\\Users\\GERMAN ANDRES\\source\\repos\\GVRgh\\Casos-de-prueba\\src\\components\\Error.jsx","statementMap":{"0":{"start":{"line":1,"column":14},"end":{"line":7,"column":4}},"1":{"start":{"line":2,"column":2},"end":{"line":7,"column":3}}},"fnMap":{"0":{"name":"(anonymous_0)","decl":{"start":{"line":1,"column":14},"end":{"line":1,"column":15}},"loc":{"start":{"line":1,"column":30},"end":{"line":7,"column":4}},"line":1}},"branchMap":{},"s":{"0":1,"1":0},"f":{"0":0},"b":{},"_coverageSchema":"1a1c01bbd47fc00a2c39e90264f33305004495a9","hash":"a460de40dc8efeaa145f537a64b83df7c98e8840"}
,"C:\\Users\\GERMAN ANDRES\\source\\repos\\GVRgh\\Casos-de-prueba\\src\\components\\Formulario.jsx": {"path":"C:\\Users\\GERMAN ANDRES\\source\\repos\\GVRgh\\Casos-de-prueba\\src\\components\\Formulario.jsx","statementMap":{"0":{"start":{"line":6,"column":26},"end":{"line":242,"column":1}},"1":{"start":{"line":12,"column":30},"end":{"line":12,"column":42}},"2":{"start":{"line":13,"column":40},"end":{"line":13,"column":52}},"3":{"start":{"line":14,"column":28},"end":{"line":14,"column":40}},"4":{"start":{"line":15,"column":28},"end":{"line":15,"column":40}},"5":{"start":{"line":16,"column":44},"end":{"line":16,"column":56}},"6":{"start":{"line":18,"column":28},"end":{"line":18,"column":43}},"7":{"start":{"line":20,"column":2},"end":{"line":28,"column":17}},"8":{"start":{"line":21,"column":4},"end":{"line":27,"column":5}},"9":{"start":{"line":22,"column":6},"end":{"line":22,"column":33}},"10":{"start":{"line":23,"column":6},"end":{"line":23,"column":43}},"11":{"start":{"line":24,"column":6},"end":{"line":24,"column":31}},"12":{"start":{"line":25,"column":6},"end":{"line":25,"column":31}},"13":{"start":{"line":26,"column":6},"end":{"line":26,"column":47}},"14":{"start":{"line":30,"column":20},"end":{"line":35,"column":3}},"15":{"start":{"line":31,"column":19},"end":{"line":31,"column":58}},"16":{"start":{"line":32,"column":18},"end":{"line":32,"column":41}},"17":{"start":{"line":34,"column":4},"end":{"line":34,"column":26}},"18":{"start":{"line":37,"column":23},"end":{"line":134,"column":3}},"19":{"start":{"line":38,"column":4},"end":{"line":38,"column":23}},"20":{"start":{"line":47,"column":6},"end":{"line":52,"column":7}},"21":{"start":{"line":48,"column":8},"end":{"line":48,"column":44}},"22":{"start":{"line":50,"column":8},"end":{"line":50,"column":23}},"23":{"start":{"line":51,"column":8},"end":{"line":51,"column":15}},"24":{"start":{"line":54,"column":6},"end":{"line":59,"column":7}},"25":{"start":{"line":55,"column":8},"end":{"line":55,"column":49}},"26":{"start":{"line":57,"column":8},"end":{"line":57,"column":23}},"27":{"start":{"line":58,"column":8},"end":{"line":58,"column":15}},"28":{"start":{"line":61,"column":6},"end":{"line":66,"column":7}},"29":{"start":{"line":62,"column":8},"end":{"line":62,"column":43}},"30":{"start":{"line":64,"column":8},"end":{"line":64,"column":23}},"31":{"start":{"line":65,"column":8},"end":{"line":65,"column":15}},"32":{"start":{"line":69,"column":25},"end":{"line":69,"column":53}},"33":{"start":{"line":71,"column":6},"end":{"line":76,"column":7}},"34":{"start":{"line":72,"column":6},"end":{"line":72,"column":47}},"35":{"start":{"line":74,"column":6},"end":{"line":74,"column":21}},"36":{"start":{"line":75,"column":6},"end":{"line":75,"column":13}},"37":{"start":{"line":78,"column":6},"end":{"line":83,"column":7}},"38":{"start":{"line":79,"column":8},"end":{"line":79,"column":43}},"39":{"start":{"line":81,"column":8},"end":{"line":81,"column":23}},"40":{"start":{"line":82,"column":8},"end":{"line":82,"column":15}},"41":{"start":{"line":86,"column":29},"end":{"line":86,"column":44}},"42":{"start":{"line":87,"column":18},"end":{"line":87,"column":28}},"43":{"start":{"line":88,"column":6},"end":{"line":88,"column":31}},"44":{"start":{"line":90,"column":6},"end":{"line":95,"column":7}},"45":{"start":{"line":91,"column":6},"end":{"line":91,"column":61}},"46":{"start":{"line":93,"column":6},"end":{"line":93,"column":21}},"47":{"start":{"line":94,"column":6},"end":{"line":94,"column":13}},"48":{"start":{"line":97,"column":6},"end":{"line":102,"column":7}},"49":{"start":{"line":98,"column":8},"end":{"line":98,"column":46}},"50":{"start":{"line":100,"column":8},"end":{"line":100,"column":23}},"51":{"start":{"line":101,"column":8},"end":{"line":101,"column":15}},"52":{"start":{"line":104,"column":4},"end":{"line":104,"column":20}},"53":{"start":{"line":105,"column":4},"end":{"line":105,"column":41}},"54":{"start":{"line":107,"column":27},"end":{"line":113,"column":5}},"55":{"start":{"line":115,"column":4},"end":{"line":126,"column":5}},"56":{"start":{"line":116,"column":6},"end":{"line":116,"column":38}},"57":{"start":{"line":117,"column":36},"end":{"line":119,"column":7}},"58":{"start":{"line":118,"column":8},"end":{"line":118,"column":73}},"59":{"start":{"line":121,"column":6},"end":{"line":121,"column":42}},"60":{"start":{"line":122,"column":6},"end":{"line":122,"column":22}},"61":{"start":{"line":124,"column":6},"end":{"line":124,"column":38}},"62":{"start":{"line":125,"column":6},"end":{"line":125,"column":51}},"63":{"start":{"line":129,"column":4},"end":{"line":129,"column":18}},"64":{"start":{"line":130,"column":4},"end":{"line":130,"column":23}},"65":{"start":{"line":131,"column":4},"end":{"line":131,"column":17}},"66":{"start":{"line":132,"column":4},"end":{"line":132,"column":17}},"67":{"start":{"line":133,"column":4},"end":{"line":133,"column":25}},"68":{"start":{"line":136,"column":2},"end":{"line":241,"column":4}},"69":{"start":{"line":163,"column":29},"end":{"line":163,"column":54}},"70":{"start":{"line":180,"column":29},"end":{"line":180,"column":59}},"71":{"start":{"line":197,"column":29},"end":{"line":197,"column":53}},"72":{"start":{"line":213,"column":29},"end":{"line":213,"column":53}},"73":{"start":{"line":229,"column":29},"end":{"line":229,"column":61}}},"fnMap":{"0":{"name":"(anonymous_0)","decl":{"start":{"line":6,"column":26},"end":{"line":6,"column":27}},"loc":{"start":{"line":11,"column":6},"end":{"line":242,"column":1}},"line":11},"1":{"name":"(anonymous_1)","decl":{"start":{"line":20,"column":12},"end":{"line":20,"column":13}},"loc":{"start":{"line":20,"column":18},"end":{"line":28,"column":3}},"line":20},"2":{"name":"(anonymous_2)","decl":{"start":{"line":30,"column":20},"end":{"line":30,"column":21}},"loc":{"start":{"line":30,"column":26},"end":{"line":35,"column":3}},"line":30},"3":{"name":"(anonymous_3)","decl":{"start":{"line":37,"column":23},"end":{"line":37,"column":24}},"loc":{"start":{"line":37,"column":30},"end":{"line":134,"column":3}},"line":37},"4":{"name":"(anonymous_4)","decl":{"start":{"line":117,"column":50},"end":{"line":117,"column":51}},"loc":{"start":{"line":118,"column":8},"end":{"line":118,"column":73}},"line":118},"5":{"name":"(anonymous_5)","decl":{"start":{"line":163,"column":22},"end":{"line":163,"column":23}},"loc":{"start":{"line":163,"column":29},"end":{"line":163,"column":54}},"line":163},"6":{"name":"(anonymous_6)","decl":{"start":{"line":180,"column":22},"end":{"line":180,"column":23}},"loc":{"start":{"line":180,"column":29},"end":{"line":180,"column":59}},"line":180},"7":{"name":"(anonymous_7)","decl":{"start":{"line":197,"column":22},"end":{"line":197,"column":23}},"loc":{"start":{"line":197,"column":29},"end":{"line":197,"column":53}},"line":197},"8":{"name":"(anonymous_8)","decl":{"start":{"line":213,"column":22},"end":{"line":213,"column":23}},"loc":{"start":{"line":213,"column":29},"end":{"line":213,"column":53}},"line":213},"9":{"name":"(anonymous_9)","decl":{"start":{"line":229,"column":22},"end":{"line":229,"column":23}},"loc":{"start":{"line":229,"column":29},"end":{"line":229,"column":61}},"line":229}},"branchMap":{"0":{"loc":{"start":{"line":21,"column":4},"end":{"line":27,"column":5}},"type":"if","locations":[{"start":{"line":21,"column":4},"end":{"line":27,"column":5}},{"start":{},"end":{}}],"line":21},"1":{"loc":{"start":{"line":47,"column":6},"end":{"line":52,"column":7}},"type":"if","locations":[{"start":{"line":47,"column":6},"end":{"line":52,"column":7}},{"start":{},"end":{}}],"line":47},"2":{"loc":{"start":{"line":54,"column":6},"end":{"line":59,"column":7}},"type":"if","locations":[{"start":{"line":54,"column":6},"end":{"line":59,"column":7}},{"start":{},"end":{}}],"line":54},"3":{"loc":{"start":{"line":61,"column":6},"end":{"line":66,"column":7}},"type":"if","locations":[{"start":{"line":61,"column":6},"end":{"line":66,"column":7}},{"start":{},"end":{}}],"line":61},"4":{"loc":{"start":{"line":71,"column":6},"end":{"line":76,"column":7}},"type":"if","locations":[{"start":{"line":71,"column":6},"end":{"line":76,"column":7}},{"start":{},"end":{}}],"line":71},"5":{"loc":{"start":{"line":78,"column":6},"end":{"line":83,"column":7}},"type":"if","locations":[{"start":{"line":78,"column":6},"end":{"line":83,"column":7}},{"start":{},"end":{}}],"line":78},"6":{"loc":{"start":{"line":90,"column":6},"end":{"line":95,"column":7}},"type":"if","locations":[{"start":{"line":90,"column":6},"end":{"line":95,"column":7}},{"start":{},"end":{}}],"line":90},"7":{"loc":{"start":{"line":97,"column":6},"end":{"line":102,"column":7}},"type":"if","locations":[{"start":{"line":97,"column":6},"end":{"line":102,"column":7}},{"start":{},"end":{}}],"line":97},"8":{"loc":{"start":{"line":115,"column":4},"end":{"line":126,"column":5}},"type":"if","locations":[{"start":{"line":115,"column":4},"end":{"line":126,"column":5}},{"start":{"line":123,"column":11},"end":{"line":126,"column":5}}],"line":115},"9":{"loc":{"start":{"line":118,"column":8},"end":{"line":118,"column":73}},"type":"cond-expr","locations":[{"start":{"line":118,"column":43},"end":{"line":118,"column":57}},{"start":{"line":118,"column":60},"end":{"line":118,"column":73}}],"line":118},"10":{"loc":{"start":{"line":237,"column":17},"end":{"line":237,"column":69}},"type":"cond-expr","locations":[{"start":{"line":237,"column":31},"end":{"line":237,"column":48}},{"start":{"line":237,"column":51},"end":{"line":237,"column":69}}],"line":237}},"s":{"0":1,"1":15,"2":15,"3":15,"4":15,"5":15,"6":15,"7":15,"8":3,"9":1,"10":1,"11":1,"12":1,"13":1,"14":15,"15":0,"16":0,"17":0,"18":15,"19":2,"20":2,"21":0,"22":0,"23":0,"24":2,"25":1,"26":1,"27":1,"28":1,"29":0,"30":0,"31":0,"32":1,"33":1,"34":0,"35":0,"36":0,"37":1,"38":0,"39":0,"40":0,"41":1,"42":1,"43":1,"44":1,"45":1,"46":1,"47":1,"48":0,"49":0,"50":0,"51":0,"52":0,"53":0,"54":0,"55":0,"56":0,"57":0,"58":0,"59":0,"60":0,"61":0,"62":0,"63":0,"64":0,"65":0,"66":0,"67":0,"68":15,"69":6,"70":0,"71":0,"72":1,"73":2},"f":{"0":15,"1":3,"2":0,"3":2,"4":0,"5":6,"6":0,"7":0,"8":1,"9":2},"b":{"0":[1,2],"1":[0,2],"2":[1,1],"3":[0,1],"4":[0,1],"5":[0,1],"6":[1,0],"7":[0,0],"8":[0,0],"9":[0,0],"10":[7,8]},"_coverageSchema":"1a1c01bbd47fc00a2c39e90264f33305004495a9","hash":"e20cc670d650b88fd12652633ada4d79f125c948"}
,"C:\\Users\\GERMAN ANDRES\\source\\repos\\GVRgh\\Casos-de-prueba\\src\\components\\ListadoPacientes.jsx": {"path":"C:\\Users\\GERMAN ANDRES\\source\\repos\\GVRgh\\Casos-de-prueba\\src\\components\\ListadoPacientes.jsx","statementMap":{"0":{"start":{"line":4,"column":32},"end":{"line":47,"column":1}},"1":{"start":{"line":9,"column":2},"end":{"line":46,"column":4}},"2":{"start":{"line":25,"column":12},"end":{"line":30,"column":14}}},"fnMap":{"0":{"name":"(anonymous_0)","decl":{"start":{"line":4,"column":32},"end":{"line":4,"column":33}},"loc":{"start":{"line":8,"column":6},"end":{"line":47,"column":1}},"line":8},"1":{"name":"(anonymous_1)","decl":{"start":{"line":24,"column":25},"end":{"line":24,"column":26}},"loc":{"start":{"line":25,"column":12},"end":{"line":30,"column":14}},"line":25}},"branchMap":{"0":{"loc":{"start":{"line":11,"column":7},"end":{"line":44,"column":7}},"type":"cond-expr","locations":[{"start":{"line":12,"column":8},"end":{"line":32,"column":11}},{"start":{"line":34,"column":8},"end":{"line":43,"column":11}}],"line":11},"1":{"loc":{"start":{"line":11,"column":7},"end":{"line":11,"column":36}},"type":"binary-expr","locations":[{"start":{"line":11,"column":7},"end":{"line":11,"column":16}},{"start":{"line":11,"column":20},"end":{"line":11,"column":36}}],"line":11}},"s":{"0":1,"1":4,"2":6},"f":{"0":4,"1":6},"b":{"0":[3,1],"1":[4,4]},"_coverageSchema":"1a1c01bbd47fc00a2c39e90264f33305004495a9","hash":"d8f4794b9e9deb1357c7dc2e16554f166e6359ae"}
,"C:\\Users\\GERMAN ANDRES\\source\\repos\\GVRgh\\Casos-de-prueba\\src\\components\\Paciente.jsx": {"path":"C:\\Users\\GERMAN ANDRES\\source\\repos\\GVRgh\\Casos-de-prueba\\src\\components\\Paciente.jsx","statementMap":{"0":{"start":{"line":2,"column":24},"end":{"line":56,"column":1}},"1":{"start":{"line":3,"column":67},"end":{"line":3,"column":75}},"2":{"start":{"line":4,"column":25},"end":{"line":9,"column":3}},"3":{"start":{"line":5,"column":22},"end":{"line":5,"column":63}},"4":{"start":{"line":6,"column":4},"end":{"line":8,"column":5}},"5":{"start":{"line":7,"column":6},"end":{"line":7,"column":27}},"6":{"start":{"line":10,"column":2},"end":{"line":55,"column":4}},"7":{"start":{"line":41,"column":25},"end":{"line":41,"column":46}}},"fnMap":{"0":{"name":"(anonymous_0)","decl":{"start":{"line":2,"column":24},"end":{"line":2,"column":25}},"loc":{"start":{"line":2,"column":73},"end":{"line":56,"column":1}},"line":2},"1":{"name":"(anonymous_1)","decl":{"start":{"line":4,"column":25},"end":{"line":4,"column":26}},"loc":{"start":{"line":4,"column":31},"end":{"line":9,"column":3}},"line":4},"2":{"name":"(anonymous_2)","decl":{"start":{"line":41,"column":19},"end":{"line":41,"column":20}},"loc":{"start":{"line":41,"column":25},"end":{"line":41,"column":46}},"line":41}},"branchMap":{"0":{"loc":{"start":{"line":6,"column":4},"end":{"line":8,"column":5}},"type":"if","locations":[{"start":{"line":6,"column":4},"end":{"line":8,"column":5}},{"start":{},"end":{}}],"line":6}},"s":{"0":2,"1":3,"2":3,"3":1,"4":1,"5":1,"6":3,"7":1},"f":{"0":3,"1":1,"2":1},"b":{"0":[1,0]},"_coverageSchema":"1a1c01bbd47fc00a2c39e90264f33305004495a9","hash":"bfdafc5348f99461616f9fe1d248fcfaec473b05"}
}
