TN:
SF:src\components\Formulario.jsx
FN:3,(anonymous_0)
FN:18,(anonymous_1)
FN:28,(anonymous_2)
FN:34,(anonymous_3)
FN:70,(anonymous_4)
FN:79,(anonymous_5)
FN:100,(anonymous_6)
FN:140,(anonymous_7)
FN:154,(anonymous_8)
FN:168,(anonymous_9)
FN:181,(anonymous_10)
FN:194,(anonymous_11)
FNF:12
FNH:12
FNDA:58,(anonymous_0)
FNDA:10,(anonymous_1)
FNDA:1,(anonymous_2)
FNDA:9,(anonymous_3)
FNDA:2,(anonymous_4)
FNDA:9,(anonymous_5)
FNDA:1,(anonymous_6)
FNDA:7,(anonymous_7)
FNDA:8,(anonymous_8)
FNDA:8,(anonymous_9)
FNDA:7,(anonymous_10)
FNDA:8,(anonymous_11)
DA:3,1
DA:9,58
DA:10,58
DA:11,58
DA:12,58
DA:13,58
DA:15,58
DA:16,58
DA:18,58
DA:19,10
DA:20,1
DA:21,1
DA:22,1
DA:23,1
DA:24,1
DA:28,58
DA:29,1
DA:30,1
DA:31,1
DA:34,58
DA:35,9
DA:36,1
DA:37,1
DA:39,8
DA:40,1
DA:41,1
DA:43,7
DA:44,1
DA:45,1
DA:47,6
DA:48,6
DA:49,1
DA:50,1
DA:52,5
DA:53,1
DA:54,1
DA:56,4
DA:57,4
DA:58,4
DA:59,4
DA:60,1
DA:61,1
DA:63,3
DA:64,1
DA:65,1
DA:67,2
DA:70,58
DA:71,2
DA:72,2
DA:73,2
DA:74,2
DA:75,2
DA:76,2
DA:79,58
DA:80,9
DA:82,9
DA:83,7
DA:84,7
DA:87,2
DA:88,2
DA:90,2
DA:98,2
DA:99,1
DA:100,1
DA:101,1
DA:103,1
DA:105,1
DA:106,1
DA:109,2
DA:112,58
DA:140,7
DA:154,8
DA:168,8
DA:181,7
DA:194,8
LF:75
LH:75
BRDA:19,0,0,1
BRDA:19,0,1,9
BRDA:35,1,0,1
BRDA:35,1,1,8
BRDA:39,2,0,1
BRDA:39,2,1,7
BRDA:43,3,0,1
BRDA:43,3,1,6
BRDA:48,4,0,1
BRDA:48,4,1,5
BRDA:52,5,0,1
BRDA:52,5,1,4
BRDA:59,6,0,1
BRDA:59,6,1,3
BRDA:63,7,0,1
BRDA:63,7,1,2
BRDA:82,8,0,7
BRDA:82,8,1,2
BRDA:98,9,0,1
BRDA:98,9,1,1
BRDA:101,10,0,1
BRDA:101,10,1,0
BRDA:124,11,0,58
BRDA:124,11,1,7
BRDA:124,11,2,7
BRDA:202,12,0,6
BRDA:202,12,1,52
BRF:27
BRH:26
end_of_record
TN:
SF:src\components\ListadoPacientes.jsx
FN:4,(anonymous_0)
FN:24,(anonymous_1)
FNF:2
FNH:2
FNDA:4,(anonymous_0)
FNDA:6,(anonymous_1)
DA:4,1
DA:9,4
DA:25,6
LF:3
LH:3
BRDA:11,0,0,3
BRDA:11,0,1,1
BRDA:11,1,0,4
BRDA:11,1,1,4
BRF:4
BRH:4
end_of_record
TN:
SF:src\components\Paciente.jsx
FN:2,(anonymous_0)
FN:5,(anonymous_1)
FN:42,(anonymous_2)
FNF:3
FNH:3
FNDA:3,(anonymous_0)
FNDA:1,(anonymous_1)
FNDA:1,(anonymous_2)
DA:2,1
DA:3,3
DA:5,3
DA:6,1
DA:7,1
DA:8,1
DA:11,3
DA:42,1
LF:8
LH:8
BRDA:7,0,0,1
BRDA:7,0,1,0
BRF:2
BRH:1
end_of_record
